{"__type":"$$EventMessageAudit","id":"aadc16e0-26e0-4926-a3a7-88b3b5941db0","ts":"2026-04-06T18:02:23.987+07:00","eventName":"n8n.audit.user.login.success","message":"n8n.audit.user.login.success","payload":{"userId":"302833b3-a36a-4fce-babb-520adcc9a40c","_email":"674259009@webmail.npru.ac.th","_firstName":"Narongsak","_lastName":"Pumpasert","globalRole":"global:owner","authenticationMethod":"email"}}
{"__type":"$$EventMessageConfirm","confirm":"aadc16e0-26e0-4926-a3a7-88b3b5941db0","ts":"2026-04-06T18:02:23.988+07:00","source":{"id":"0","name":"eventBus"}}
{"__type":"$$EventMessageAudit","id":"48926222-4c82-448e-a2d0-2cea05f9ff03","ts":"2026-04-06T18:05:35.925+07:00","eventName":"n8n.audit.user.login.success","message":"n8n.audit.user.login.success","payload":{"userId":"302833b3-a36a-4fce-babb-520adcc9a40c","_email":"674259009@webmail.npru.ac.th","_firstName":"Narongsak","_lastName":"Pumpasert","globalRole":"global:owner","authenticationMethod":"email"}}
{"__type":"$$EventMessageConfirm","confirm":"48926222-4c82-448e-a2d0-2cea05f9ff03","ts":"2026-04-06T18:05:35.925+07:00","source":{"id":"0","name":"eventBus"}}
{"__type":"$$EventMessageAudit","id":"89528e4a-3877-4994-a7ea-c5131ff68068","ts":"2026-04-06T18:17:23.358+07:00","eventName":"n8n.audit.workflow.created","message":"n8n.audit.workflow.created","payload":{"userId":"302833b3-a36a-4fce-babb-520adcc9a40c","_email":"674259009@webmail.npru.ac.th","_firstName":"Narongsak","_lastName":"Pumpasert","globalRole":"global:owner","workflowId":"VXjQEzmTpcMIkEhJ","workflowName":"Jenkins-CI/CD Noti"}}
{"__type":"$$EventMessageConfirm","confirm":"89528e4a-3877-4994-a7ea-c5131ff68068","ts":"2026-04-06T18:17:23.358+07:00","source":{"id":"0","name":"eventBus"}}
{"__type":"$$EventMessageAudit","id":"fe380fbb-5ceb-4595-8b25-898ce6dbbc94","ts":"2026-04-06T18:17:30.152+07:00","eventName":"n8n.audit.workflow.updated","message":"n8n.audit.workflow.updated","payload":{"userId":"302833b3-a36a-4fce-babb-520adcc9a40c","_email":"674259009@webmail.npru.ac.th","_firstName":"Narongsak","_lastName":"Pumpasert","globalRole":"global:owner","workflowId":"VXjQEzmTpcMIkEhJ","workflowName":"Jenkins-CI/CD Noti"}}
{"__type":"$$EventMessageConfirm","confirm":"fe380fbb-5ceb-4595-8b25-898ce6dbbc94","ts":"2026-04-06T18:17:30.153+07:00","source":{"id":"0","name":"eventBus"}}
{"__type":"$$EventMessageAudit","id":"e9eabfa5-bb00-4d76-a1a3-88c42bd28dbb","ts":"2026-04-06T18:18:09.002+07:00","eventName":"n8n.audit.workflow.updated","message":"n8n.audit.workflow.updated","payload":{"userId":"302833b3-a36a-4fce-babb-520adcc9a40c","_email":"674259009@webmail.npru.ac.th","_firstName":"Narongsak","_lastName":"Pumpasert","globalRole":"global:owner","workflowId":"VXjQEzmTpcMIkEhJ","workflowName":"Jenkins-CI/CD Noti"}}
{"__type":"$$EventMessageConfirm","confirm":"e9eabfa5-bb00-4d76-a1a3-88c42bd28dbb","ts":"2026-04-06T18:18:09.003+07:00","source":{"id":"0","name":"eventBus"}}
{"__type":"$$EventMessageAudit","id":"0b12f852-ba7b-4046-aff3-397590beb51c","ts":"2026-04-06T18:25:44.740+07:00","eventName":"n8n.audit.workflow.activated","message":"n8n.audit.workflow.activated","payload":{"userId":"302833b3-a36a-4fce-babb-520adcc9a40c","_email":"674259009@webmail.npru.ac.th","_firstName":"Narongsak","_lastName":"Pumpasert","globalRole":"global:owner","workflowId":"VXjQEzmTpcMIkEhJ","workflowName":"Jenkins-CI/CD Noti","activeVersionId":"6412f9e5-cd28-4812-8953-a26471a80897"}}
{"__type":"$$EventMessageConfirm","confirm":"0b12f852-ba7b-4046-aff3-397590beb51c","ts":"2026-04-06T18:25:44.741+07:00","source":{"id":"0","name":"eventBus"}}
{"__type":"$$EventMessageAudit","id":"c4365a30-06dd-4ad5-b06e-b7c15ae9ff35","ts":"2026-04-06T18:26:23.588+07:00","eventName":"n8n.audit.workflow.updated","message":"n8n.audit.workflow.updated","payload":{"userId":"302833b3-a36a-4fce-babb-520adcc9a40c","_email":"674259009@webmail.npru.ac.th","_firstName":"Narongsak","_lastName":"Pumpasert","globalRole":"global:owner","workflowId":"VXjQEzmTpcMIkEhJ","workflowName":"Jenkins-CI/CD Noti","settingsChanged":{"timeSavedMode":{"from":null,"to":"fixed"},"callerPolicy":{"from":null,"to":"workflowsFromSameOwner"},"availableInMCP":{"from":null,"to":false}}}}
{"__type":"$$EventMessageConfirm","confirm":"c4365a30-06dd-4ad5-b06e-b7c15ae9ff35","ts":"2026-04-06T18:26:23.589+07:00","source":{"id":"0","name":"eventBus"}}
{"__type":"$$EventMessageAudit","id":"346b47f6-5708-45bc-b29d-298434b164f8","ts":"2026-04-06T18:26:23.633+07:00","eventName":"n8n.audit.workflow.deactivated","message":"n8n.audit.workflow.deactivated","payload":{"userId":"302833b3-a36a-4fce-babb-520adcc9a40c","_email":"674259009@webmail.npru.ac.th","_firstName":"Narongsak","_lastName":"Pumpasert","globalRole":"global:owner","workflowId":"VXjQEzmTpcMIkEhJ","workflowName":"Jenkins-CI/CD Noti","deactivatedVersionId":"6412f9e5-cd28-4812-8953-a26471a80897"}}
{"__type":"$$EventMessageConfirm","confirm":"346b47f6-5708-45bc-b29d-298434b164f8","ts":"2026-04-06T18:26:23.633+07:00","source":{"id":"0","name":"eventBus"}}
{"__type":"$$EventMessageAudit","id":"4c2a701a-b395-40fc-b3f2-b9ccf81c60bd","ts":"2026-04-06T18:26:23.652+07:00","eventName":"n8n.audit.workflow.activated","message":"n8n.audit.workflow.activated","payload":{"userId":"302833b3-a36a-4fce-babb-520adcc9a40c","_email":"674259009@webmail.npru.ac.th","_firstName":"Narongsak","_lastName":"Pumpasert","globalRole":"global:owner","workflowId":"VXjQEzmTpcMIkEhJ","workflowName":"Jenkins-CI/CD Noti","activeVersionId":"6412f9e5-cd28-4812-8953-a26471a80897"}}
{"__type":"$$EventMessageConfirm","confirm":"4c2a701a-b395-40fc-b3f2-b9ccf81c60bd","ts":"2026-04-06T18:26:23.652+07:00","source":{"id":"0","name":"eventBus"}}
{"__type":"$$EventMessageAudit","id":"221001e9-075f-4b9c-b63c-156593806a2b","ts":"2026-04-06T18:26:32.826+07:00","eventName":"n8n.audit.workflow.updated","message":"n8n.audit.workflow.updated","payload":{"userId":"302833b3-a36a-4fce-babb-520adcc9a40c","_email":"674259009@webmail.npru.ac.th","_firstName":"Narongsak","_lastName":"Pumpasert","globalRole":"global:owner","workflowId":"VXjQEzmTpcMIkEhJ","workflowName":"Jenkins-CI/CD Noti"}}
{"__type":"$$EventMessageConfirm","confirm":"221001e9-075f-4b9c-b63c-156593806a2b","ts":"2026-04-06T18:26:32.826+07:00","source":{"id":"0","name":"eventBus"}}
{"__type":"$$EventMessageAudit","id":"534a62a9-7d88-4dea-af31-8a0211115a53","ts":"2026-04-06T18:26:54.086+07:00","eventName":"n8n.audit.workflow.updated","message":"n8n.audit.workflow.updated","payload":{"userId":"302833b3-a36a-4fce-babb-520adcc9a40c","_email":"674259009@webmail.npru.ac.th","_firstName":"Narongsak","_lastName":"Pumpasert","globalRole":"global:owner","workflowId":"VXjQEzmTpcMIkEhJ","workflowName":"Jenkins-CI/CD Noti"}}
{"__type":"$$EventMessageConfirm","confirm":"534a62a9-7d88-4dea-af31-8a0211115a53","ts":"2026-04-06T18:26:54.086+07:00","source":{"id":"0","name":"eventBus"}}
{"__type":"$$EventMessageWorkflow","id":"290ecfc1-eabb-4441-abef-25bbddb0457e","ts":"2026-04-06T18:39:43.439+07:00","eventName":"n8n.workflow.started","message":"n8n.workflow.started","payload":{"executionId":"1","workflowId":"VXjQEzmTpcMIkEhJ","isManual":false,"mode":"webhook","workflowName":"Jenkins-CI/CD Noti"}}
{"__type":"$$EventMessageConfirm","confirm":"290ecfc1-eabb-4441-abef-25bbddb0457e","ts":"2026-04-06T18:39:43.439+07:00","source":{"id":"0","name":"eventBus"}}
{"__type":"$$EventMessageAudit","id":"2c202e1d-17cd-48e0-9bac-94fcba069916","ts":"2026-04-06T18:39:43.440+07:00","eventName":"n8n.audit.workflow.executed","message":"n8n.audit.workflow.executed","payload":{"workflowId":"VXjQEzmTpcMIkEhJ","workflowName":"Jenkins-CI/CD Noti","executionId":"1","source":"webhook"}}
{"__type":"$$EventMessageConfirm","confirm":"2c202e1d-17cd-48e0-9bac-94fcba069916","ts":"2026-04-06T18:39:43.440+07:00","source":{"id":"0","name":"eventBus"}}
{"__type":"$$EventMessageNode","id":"90e94e64-0465-4161-b107-0a187c36fbf6","ts":"2026-04-06T18:39:43.442+07:00","eventName":"n8n.node.started","message":"n8n.node.started","payload":{"workflowId":"VXjQEzmTpcMIkEhJ","workflowName":"Jenkins-CI/CD Noti","executionId":"1","nodeType":"n8n-nodes-base.webhook","nodeName":"Webhook","nodeId":"f0e0b853-8910-495e-9f5f-0cdaeb9ccd47"}}
{"__type":"$$EventMessageConfirm","confirm":"90e94e64-0465-4161-b107-0a187c36fbf6","ts":"2026-04-06T18:39:43.442+07:00","source":{"id":"0","name":"eventBus"}}
{"__type":"$$EventMessageNode","id":"20811d90-8676-4ef1-81fb-b81577be9a4d","ts":"2026-04-06T18:39:43.443+07:00","eventName":"n8n.node.finished","message":"n8n.node.finished","payload":{"workflowId":"VXjQEzmTpcMIkEhJ","workflowName":"Jenkins-CI/CD Noti","executionId":"1","nodeType":"n8n-nodes-base.webhook","nodeName":"Webhook","nodeId":"f0e0b853-8910-495e-9f5f-0cdaeb9ccd47"}}
{"__type":"$$EventMessageConfirm","confirm":"20811d90-8676-4ef1-81fb-b81577be9a4d","ts":"2026-04-06T18:39:43.443+07:00","source":{"id":"0","name":"eventBus"}}
{"__type":"$$EventMessageWorkflow","id":"21a24b2c-3398-4971-8c5f-44a2b658470b","ts":"2026-04-06T18:39:43.445+07:00","eventName":"n8n.workflow.success","message":"n8n.workflow.success","payload":{"executionId":"1","success":true,"isManual":false,"mode":"webhook","workflowId":"VXjQEzmTpcMIkEhJ","workflowName":"Jenkins-CI/CD Noti"}}
{"__type":"$$EventMessageConfirm","confirm":"21a24b2c-3398-4971-8c5f-44a2b658470b","ts":"2026-04-06T18:39:43.445+07:00","source":{"id":"0","name":"eventBus"}}
